# JRE version: OpenJDK Runtime Environment (8.0_202) (build 1.8.0_202-release-1483-b49-5587405)
# Java VM: OpenJDK 64-Bit Server VM (25.202-b49-5587405 mixed mode linux-amd64 compressed oops)
Heap:
 PSYoungGen      total 237568K, used 69604K [0x00000000e0000000, 0x00000000f0880000, 0x0000000100000000)
  eden space 225792K, 29% used [0x00000000e0000000,0x00000000e4065e20,0x00000000edc80000)
  from space 11776K, 31% used [0x00000000efd00000,0x00000000f0093230,0x00000000f0880000)
  to   space 22528K, 0% used [0x00000000edc80000,0x00000000edc80000,0x00000000ef280000)
 ParOldGen       total 109568K, used 30975K [0x00000000a0000000, 0x00000000a6b00000, 0x00000000e0000000)
  object space 109568K, 28% used [0x00000000a0000000,0x00000000a1e3fe78,0x00000000a6b00000)
 Metaspace       used 60779K, capacity 62770K, committed 63000K, reserved 1103872K
  class space    used 8208K, capacity 8663K, committed 8744K, reserved 1048576K
GC Heap History (10 events):
Event: 34.821 GC heap before
{Heap before GC invocations=11 (full 2):
 PSYoungGen      total 148480K, used 136704K [0x00000000e0000000, 0x00000000ea080000, 0x0000000100000000)
  eden space 136704K, 100% used [0x00000000e0000000,0x00000000e8580000,0x00000000e8580000)
  from space 11776K, 0% used [0x00000000e9500000,0x00000000e9500000,0x00000000ea080000)
  to   space 13824K, 0% used [0x00000000e8580000,0x00000000e8580000,0x00000000e9300000)
 ParOldGen       total 84480K, used 18546K [0x00000000a0000000, 0x00000000a5280000, 0x00000000e0000000)
  object space 84480K, 21% used [0x00000000a0000000,0x00000000a121c868,0x00000000a5280000)
 Metaspace       used 47165K, capacity 48670K, committed 48680K, reserved 1091584K
  class space    used 6372K, capacity 6687K, committed 6696K, reserved 1048576K
Event: 34.843 GC heap after
Heap after GC invocations=11 (full 2):
 PSYoungGen      total 150528K, used 13821K [0x00000000e0000000, 0x00000000ec480000, 0x0000000100000000)
  eden space 136704K, 0% used [0x00000000e0000000,0x00000000e0000000,0x00000000e8580000)
  from space 13824K, 99% used [0x00000000e8580000,0x00000000e92ff478,0x00000000e9300000)
  to   space 16896K, 0% used [0x00000000eb400000,0x00000000eb400000,0x00000000ec480000)
 ParOldGen       total 84480K, used 22185K [0x00000000a0000000, 0x00000000a5280000, 0x00000000e0000000)
  object space 84480K, 26% used [0x00000000a0000000,0x00000000a15aa790,0x00000000a5280000)
 Metaspace       used 47165K, capacity 48670K, committed 48680K, reserved 1091584K
  class space    used 6372K, capacity 6687K, committed 6696K, reserved 1048576K
}
Event: 41.304 GC heap before
{Heap before GC invocations=12 (full 2):
 PSYoungGen      total 150528K, used 150525K [0x00000000e0000000, 0x00000000ec480000, 0x0000000100000000)
  eden space 136704K, 100% used [0x00000000e0000000,0x00000000e8580000,0x00000000e8580000)
  from space 13824K, 99% used [0x00000000e8580000,0x00000000e92ff478,0x00000000e9300000)
  to   space 16896K, 0% used [0x00000000eb400000,0x00000000eb400000,0x00000000ec480000)
 ParOldGen       total 84480K, used 22185K [0x00000000a0000000, 0x00000000a5280000, 0x00000000e0000000)
  object space 84480K, 26% used [0x00000000a0000000,0x00000000a15aa790,0x00000000a5280000)
 Metaspace       used 56508K, capacity 58446K, committed 58664K, reserved 1099776K
  class space    used 7746K, capacity 8192K, committed 8232K, reserved 1048576K
Event: 41.425 GC heap after
Heap after GC invocations=12 (full 2):
 PSYoungGen      total 179712K, used 16877K [0x00000000e0000000, 0x00000000ed380000, 0x0000000100000000)
  eden space 162816K, 0% used [0x00000000e0000000,0x00000000e0000000,0x00000000e9f00000)
  from space 16896K, 99% used [0x00000000eb400000,0x00000000ec47b728,0x00000000ec480000)
  to   space 21504K, 0% used [0x00000000e9f00000,0x00000000e9f00000,0x00000000eb400000)
 ParOldGen       total 84480K, used 27448K [0x00000000a0000000, 0x00000000a5280000, 0x00000000e0000000)
  object space 84480K, 32% used [0x00000000a0000000,0x00000000a1ace190,0x00000000a5280000)
 Metaspace       used 56508K, capacity 58446K, committed 58664K, reserved 1099776K
  class space    used 7746K, capacity 8192K, committed 8232K, reserved 1048576K
}
Event: 41.771 GC heap before
{Heap before GC invocations=13 (full 2):
 PSYoungGen      total 179712K, used 26614K [0x00000000e0000000, 0x00000000ed380000, 0x0000000100000000)
  eden space 162816K, 5% used [0x00000000e0000000,0x00000000e0982100,0x00000000e9f00000)
  from space 16896K, 99% used [0x00000000eb400000,0x00000000ec47b728,0x00000000ec480000)
  to   space 21504K, 0% used [0x00000000e9f00000,0x00000000e9f00000,0x00000000eb400000)
 ParOldGen       total 84480K, used 27448K [0x00000000a0000000, 0x00000000a5280000, 0x00000000e0000000)
  object space 84480K, 32% used [0x00000000a0000000,0x00000000a1ace190,0x00000000a5280000)
 Metaspace       used 57047K, capacity 58954K, committed 59160K, reserved 1099776K
  class space    used 7807K, capacity 8205K, committed 8232K, reserved 1048576K
Event: 41.820 GC heap after
Heap after GC invocations=13 (full 2):
 PSYoungGen      total 184320K, used 16254K [0x00000000e0000000, 0x00000000f1300000, 0x0000000100000000)
  eden space 162816K, 0% used [0x00000000e0000000,0x00000000e0000000,0x00000000e9f00000)
  from space 21504K, 75% used [0x00000000e9f00000,0x00000000eaedf8c0,0x00000000eb400000)
  to   space 22528K, 0% used [0x00000000efd00000,0x00000000efd00000,0x00000000f1300000)
 ParOldGen       total 84480K, used 27456K [0x00000000a0000000, 0x00000000a5280000, 0x00000000e0000000)
  object space 84480K, 32% used [0x00000000a0000000,0x00000000a1ad0190,0x00000000a5280000)
 Metaspace       used 57047K, capacity 58954K, committed 59160K, reserved 1099776K
  class space    used 7807K, capacity 8205K, committed 8232K, reserved 1048576K
}
Event: 41.820 GC heap before
{Heap before GC invocations=14 (full 3):
 PSYoungGen      total 184320K, used 16254K [0x00000000e0000000, 0x00000000f1300000, 0x0000000100000000)
  eden space 162816K, 0% used [0x00000000e0000000,0x00000000e0000000,0x00000000e9f00000)
  from space 21504K, 75% used [0x00000000e9f00000,0x00000000eaedf8c0,0x00000000eb400000)
  to   space 22528K, 0% used [0x00000000efd00000,0x00000000efd00000,0x00000000f1300000)
 ParOldGen       total 84480K, used 27456K [0x00000000a0000000, 0x00000000a5280000, 0x00000000e0000000)
  object space 84480K, 32% used [0x00000000a0000000,0x00000000a1ad0190,0x00000000a5280000)
 Metaspace       used 57047K, capacity 58954K, committed 59160K, reserved 1099776K
  class space    used 7807K, capacity 8205K, committed 8232K, reserved 1048576K
Event: 42.402 GC heap after
Heap after GC invocations=14 (full 3):
 PSYoungGen      total 184320K, used 0K [0x00000000e0000000, 0x00000000f1300000, 0x0000000100000000)
  eden space 162816K, 0% used [0x00000000e0000000,0x00000000e0000000,0x00000000e9f00000)
  from space 21504K, 0% used [0x00000000e9f00000,0x00000000e9f00000,0x00000000eb400000)
  to   space 22528K, 0% used [0x00000000efd00000,0x00000000efd00000,0x00000000f1300000)
 ParOldGen       total 109568K, used 30959K [0x00000000a0000000, 0x00000000a6b00000, 0x00000000e0000000)
  object space 109568K, 28% used [0x00000000a0000000,0x00000000a1e3be78,0x00000000a6b00000)
 Metaspace       used 57047K, capacity 58954K, committed 59160K, reserved 1099776K
  class space    used 7807K, capacity 8205K, committed 8232K, reserved 1048576K
}
Event: 56.193 GC heap before
{Heap before GC invocations=15 (full 3):
 PSYoungGen      total 184320K, used 162816K [0x00000000e0000000, 0x00000000f1300000, 0x0000000100000000)
  eden space 162816K, 100% used [0x00000000e0000000,0x00000000e9f00000,0x00000000e9f00000)
  from space 21504K, 0% used [0x00000000e9f00000,0x00000000e9f00000,0x00000000eb400000)
  to   space 22528K, 0% used [0x00000000efd00000,0x00000000efd00000,0x00000000f1300000)
 ParOldGen       total 109568K, used 30959K [0x00000000a0000000, 0x00000000a6b00000, 0x00000000e0000000)
  object space 109568K, 28% used [0x00000000a0000000,0x00000000a1e3be78,0x00000000a6b00000)
 Metaspace       used 60205K, capacity 62184K, committed 62360K, reserved 1103872K
  class space    used 8151K, capacity 8595K, committed 8616K, reserved 1048576K
Event: 56.236 GC heap after
Heap after GC invocations=15 (full 3):
 PSYoungGen      total 237568K, used 3660K [0x00000000e0000000, 0x00000000f0880000, 0x0000000100000000)
  eden space 225792K, 0% used [0x00000000e0000000,0x00000000e0000000,0x00000000edc80000)
  from space 11776K, 31% used [0x00000000efd00000,0x00000000f0093230,0x00000000f0880000)
  to   space 22528K, 0% used [0x00000000edc80000,0x00000000edc80000,0x00000000ef280000)
 ParOldGen       total 109568K, used 30975K [0x00000000a0000000, 0x00000000a6b00000, 0x00000000e0000000)
  object space 109568K, 28% used [0x00000000a0000000,0x00000000a1e3fe78,0x00000000a6b00000)
 Metaspace       used 60205K, capacity 62184K, committed 62360K, reserved 1103872K
  class space    used 8151K, capacity 8595K, committed 8616K, reserved 1048576K
}

